2024-12-19 11:30:17,729 - INFO - Распознанный номер: C227HAC7
2024-12-19 11:30:17,770 - WARNING - Номер C227HAC7 не найден в базе.
2024-12-19 11:30:18,115 - INFO - Распознанный номер: 227HAC2
2024-12-19 11:30:18,151 - WARNING - Номер 227HAC2 не найден в базе.
2024-12-19 11:30:18,512 - INFO - Распознанный номер: 22HAC2
2024-12-19 11:30:18,547 - WARNING - Номер 22HAC2 не найден в базе.
2024-12-19 11:30:18,912 - INFO - Распознанный номер: В2THAIOZ
2024-12-19 11:30:18,946 - WARNING - Номер В2THAIOZ не найден в базе.
2024-12-19 11:30:19,292 - INFO - Распознанный номер: ВНАC2
2024-12-19 11:30:19,325 - WARNING - Номер ВНАC2 не найден в базе.
2024-12-19 11:30:19,673 - INFO - Распознанный номер: КТНА2
2024-12-19 11:30:19,706 - WARNING - Номер КТНА2 не найден в базе.
2024-12-19 11:30:20,060 - INFO - Распознанный номер: 927HALO
2024-12-19 11:30:20,092 - WARNING - Номер 927HALO не найден в базе.
2024-12-19 11:30:20,436 - INFO - Распознанный номер: 227HA92
2024-12-19 11:30:20,468 - WARNING - Номер 227HA92 не найден в базе.
2024-12-19 11:30:20,817 - INFO - Распознанный номер: ТНА7
2024-12-19 11:30:20,849 - WARNING - Номер ТНА7 не найден в базе.
2024-12-19 11:30:21,205 - INFO - Распознанный номер: OE2О7НАOZ
2024-12-19 11:30:21,238 - WARNING - Номер OE2О7НАOZ не найден в базе.
2024-12-19 11:30:21,579 - INFO - Распознанный номер: 227HAS
2024-12-19 11:30:21,612 - WARNING - Номер 227HAS не найден в базе.
2024-12-19 11:30:21,953 - INFO - Распознанный номер: 227HAOZ
2024-12-19 11:30:21,984 - WARNING - Номер 227HAOZ не найден в базе.
2024-12-19 11:30:22,326 - INFO - Распознанный номер: E227HASZ
2024-12-19 11:30:22,459 - WARNING - Номер E227HASZ не найден в базе.
2024-12-19 11:30:22,800 - INFO - Распознанный номер: ЕТНАБ
2024-12-19 11:30:22,832 - WARNING - Номер ЕТНАБ не найден в базе.
2024-12-19 11:30:23,168 - INFO - Распознанный номер: 227HAIC2
2024-12-19 11:30:23,201 - WARNING - Номер 227HAIC2 не найден в базе.
2024-12-19 11:30:23,542 - INFO - Распознанный номер: MEOD7HALSZ
2024-12-19 11:30:23,574 - WARNING - Номер MEOD7HALSZ не найден в базе.
2024-12-19 11:30:23,924 - INFO - Распознанный номер: OO7HAOZ
2024-12-19 11:30:23,956 - WARNING - Номер OO7HAOZ не найден в базе.
2024-12-19 11:30:24,292 - INFO - Распознанный номер: 227HAOZ
2024-12-19 11:30:24,323 - WARNING - Номер 227HAOZ не найден в базе.
2024-12-19 11:30:24,686 - INFO - Распознанный номер: 97HAOZ
2024-12-19 11:30:24,718 - WARNING - Номер 97HAOZ не найден в базе.
2024-12-19 11:30:25,049 - INFO - Распознанный номер: 927HA22
2024-12-19 11:30:25,181 - WARNING - Номер 927HA22 не найден в базе.
2024-12-19 11:30:25,516 - INFO - Распознанный номер: 227НА62
2024-12-19 11:30:25,548 - WARNING - Номер 227НА62 не найден в базе.
2024-12-19 11:30:25,897 - INFO - Распознанный номер: 227HA02
2024-12-19 11:30:25,930 - WARNING - Номер 227HA02 не найден в базе.
2024-12-19 11:30:26,266 - INFO - Распознанный номер: 227HA21
2024-12-19 11:30:26,299 - WARNING - Номер 227HA21 не найден в базе.
2024-12-19 11:30:26,635 - INFO - Распознанный номер: 227HA62
2024-12-19 11:30:26,769 - WARNING - Номер 227HA62 не найден в базе.
2024-12-19 11:30:27,094 - INFO - Распознанный номер: FC227HA69
2024-12-19 11:30:27,126 - WARNING - Номер FC227HA69 не найден в базе.
2024-12-19 11:31:14,367 - INFO - Распознанный номер: COZTHAIO
2024-12-19 11:31:14,422 - WARNING - Номер COZTHAIO не найден в базе.
2024-12-19 11:31:14,762 - INFO - Распознанный номер: 1227HA62
2024-12-19 11:31:14,795 - WARNING - Номер 1227HA62 не найден в базе.
2024-12-19 11:31:15,128 - INFO - Распознанный номер: 22JHA
2024-12-19 11:31:15,162 - WARNING - Номер 22JHA не найден в базе.
2024-12-19 11:31:15,522 - INFO - Распознанный номер: 227HA
2024-12-19 11:31:15,556 - WARNING - Номер 227HA не найден в базе.
2024-12-19 11:31:15,919 - INFO - Распознанный номер: C227HA69
2024-12-19 11:31:15,954 - WARNING - Номер C227HA69 не найден в базе.
2024-12-19 11:31:16,333 - INFO - Распознанный номер: C22HALO
2024-12-19 11:31:16,368 - WARNING - Номер C22HALO не найден в базе.
2024-12-19 11:31:20,737 - INFO - Распознанный номер: 1C227HA69
2024-12-19 11:31:20,772 - WARNING - Номер 1C227HA69 не найден в базе.
2024-12-19 11:31:21,181 - INFO - Распознанный номер: 1C227HA59
2024-12-19 11:31:21,216 - WARNING - Номер 1C227HA59 не найден в базе.
2024-12-19 11:31:21,583 - INFO - Распознанный номер: C227HA69
2024-12-19 11:31:21,617 - WARNING - Номер C227HA69 не найден в базе.
2024-12-19 11:31:21,966 - INFO - Распознанный номер: 1C227HA59
2024-12-19 11:31:22,104 - WARNING - Номер 1C227HA59 не найден в базе.
2024-12-19 11:31:22,432 - INFO - Распознанный номер: 227HA59
2024-12-19 11:31:22,466 - WARNING - Номер 227HA59 не найден в базе.
2024-12-19 11:31:22,814 - INFO - Распознанный номер: В227НА69
2024-12-19 11:31:22,848 - WARNING - Номер В227НА69 не найден в базе.
2024-12-19 11:31:23,187 - INFO - Распознанный номер: В227HA69
2024-12-19 11:31:23,222 - WARNING - Номер В227HA69 не найден в базе.
2024-12-19 11:31:23,572 - INFO - Распознанный номер: В227HA69
2024-12-19 11:31:23,606 - WARNING - Номер В227HA69 не найден в базе.
2024-12-19 11:31:23,950 - INFO - Распознанный номер: В227HA59
2024-12-19 11:31:23,983 - WARNING - Номер В227HA59 не найден в базе.
2024-12-19 11:31:24,312 - INFO - Распознанный номер: ME227HA69
2024-12-19 11:31:24,346 - WARNING - Номер ME227HA69 не найден в базе.
2024-12-19 11:31:24,679 - INFO - Распознанный номер: C227HA69
2024-12-19 11:31:24,820 - WARNING - Номер C227HA69 не найден в базе.
2024-12-19 11:31:25,146 - INFO - Распознанный номер: 10227HA59
2024-12-19 11:31:25,181 - WARNING - Номер 10227HA59 не найден в базе.
2024-12-19 11:31:25,515 - INFO - Распознанный номер: 227HAS97
2024-12-19 11:31:25,550 - WARNING - Номер 227HAS97 не найден в базе.
2024-12-19 11:31:25,887 - INFO - Распознанный номер: PC227HAC2
2024-12-19 11:31:25,921 - WARNING - Номер PC227HAC2 не найден в базе.
2024-12-19 11:31:26,249 - INFO - Распознанный номер: FC227HA02
2024-12-19 11:31:26,283 - WARNING - Номер FC227HA02 не найден в базе.
2024-12-19 11:31:26,624 - INFO - Распознанный номер: 22HALCE
2024-12-19 11:31:26,659 - WARNING - Номер 22HALCE не найден в базе.
2024-12-19 11:32:45,244 - INFO - Распознанный номер: НС227НА69
2024-12-19 11:32:45,390 - WARNING - Номер НС227НА69 не найден в базе.
2024-12-19 11:32:45,658 - INFO - Распознанный номер: 227НА6
2024-12-19 11:32:45,696 - WARNING - Номер 227НА6 не найден в базе.
2024-12-19 11:32:45,984 - INFO - Распознанный номер: С227НА
2024-12-19 11:32:46,022 - WARNING - Номер С227НА не найден в базе.
2024-12-19 11:32:46,279 - INFO - Распознанный номер: ГС227ННА2
2024-12-19 11:32:46,418 - WARNING - Номер ГС227ННА2 не найден в базе.
2024-12-19 11:32:46,674 - INFO - Распознанный номер: Н227НА69
2024-12-19 11:32:46,811 - WARNING - Номер Н227НА69 не найден в базе.
2024-12-19 11:32:47,045 - INFO - Распознанный номер: 227ННА69
2024-12-19 11:32:47,194 - WARNING - Номер 227ННА69 не найден в базе.
2024-12-19 11:32:47,454 - INFO - Распознанный номер: 16227НА69
2024-12-19 11:32:47,489 - WARNING - Номер 16227НА69 не найден в базе.
2024-12-19 11:32:47,762 - INFO - Распознанный номер: 1С227НА
2024-12-19 11:32:47,902 - WARNING - Номер 1С227НА не найден в базе.
2024-12-19 11:32:48,137 - INFO - Распознанный номер: 1С227НА69
2024-12-19 11:32:48,179 - WARNING - Номер 1С227НА69 не найден в базе.
2024-12-19 11:32:48,421 - INFO - Распознанный номер: 1227НА69
2024-12-19 11:32:48,455 - WARNING - Номер 1227НА69 не найден в базе.
2024-12-19 11:32:48,712 - INFO - Распознанный номер: НС227НА6
2024-12-19 11:32:48,747 - WARNING - Номер НС227НА6 не найден в базе.
2024-12-19 11:32:49,053 - INFO - Распознанный номер: С227НА6
2024-12-19 11:32:49,089 - WARNING - Номер С227НА6 не найден в базе.
2024-12-19 11:32:49,339 - INFO - Распознанный номер: С227ННА69
2024-12-19 11:32:49,375 - WARNING - Номер С227ННА69 не найден в базе.
2024-12-19 11:32:49,633 - INFO - Распознанный номер: 1С227НА69
2024-12-19 11:32:49,673 - WARNING - Номер 1С227НА69 не найден в базе.
2024-12-19 11:32:49,926 - INFO - Распознанный номер: С22НА6
2024-12-19 11:32:50,072 - WARNING - Номер С22НА6 не найден в базе.
2024-12-19 11:32:50,325 - INFO - Распознанный номер: С227НА6У
2024-12-19 11:32:50,360 - WARNING - Номер С227НА6У не найден в базе.
2024-12-19 11:32:50,618 - INFO - Распознанный номер: 1227НА5
2024-12-19 11:32:50,653 - WARNING - Номер 1227НА5 не найден в базе.
2024-12-19 11:32:50,904 - INFO - Распознанный номер: 227НА69
2024-12-19 11:32:50,939 - WARNING - Номер 227НА69 не найден в базе.
2024-12-19 11:32:51,191 - INFO - Распознанный номер: 227НА6
2024-12-19 11:32:51,329 - WARNING - Номер 227НА6 не найден в базе.
2024-12-19 11:32:51,576 - INFO - Распознанный номер: 227НА6
2024-12-19 11:32:51,711 - WARNING - Номер 227НА6 не найден в базе.
2024-12-19 11:32:51,955 - INFO - Распознанный номер: С227ННА69
2024-12-19 11:32:52,094 - WARNING - Номер С227ННА69 не найден в базе.
2024-12-19 11:32:52,334 - INFO - Распознанный номер: Н227НА69
2024-12-19 11:32:52,476 - WARNING - Номер Н227НА69 не найден в базе.
2024-12-19 11:32:52,717 - INFO - Распознанный номер: С227НА59
2024-12-19 11:32:52,856 - WARNING - Номер С227НА59 не найден в базе.
2024-12-19 11:32:53,099 - INFO - Распознанный номер: 227НА6
2024-12-19 11:32:53,134 - WARNING - Номер 227НА6 не найден в базе.
2024-12-19 11:32:53,381 - INFO - Распознанный номер: С227НА
2024-12-19 11:32:53,416 - WARNING - Номер С227НА не найден в базе.
2024-12-19 11:32:53,674 - INFO - Распознанный номер: С227НА69
2024-12-19 11:32:53,710 - INFO - Номер С227НА69 найден в базе. Открываем шлагбаум.
2024-12-19 11:35:58,132 - INFO - Распознанный номер: С227НА69
2024-12-19 11:35:58,178 - INFO - Номер С227НА69 найден в базе. Открываем шлагбаум.
2024-12-19 11:36:36,096 - INFO - Распознанный номер: В
2024-12-19 11:36:36,132 - WARNING - Номер В не найден в базе.
2024-12-19 23:55:22,161 - INFO - Распознанный номер: БСЕВ
2024-12-19 23:55:22,247 - WARNING - Номер БСЕВ не найден в базе.
2024-12-19 23:55:22,651 - INFO - Распознанный номер: 227НА63
2024-12-19 23:55:22,688 - WARNING - Номер 227НА63 не найден в базе.
2024-12-19 23:55:22,956 - INFO - Распознанный номер: 22НА6
2024-12-19 23:55:22,992 - WARNING - Номер 22НА6 не найден в базе.
2024-12-19 23:55:23,251 - INFO - Распознанный номер: Н227ННА
2024-12-19 23:55:23,286 - WARNING - Номер Н227ННА не найден в базе.
2024-12-19 23:55:23,541 - INFO - Распознанный номер: Н227НА6
2024-12-19 23:55:23,578 - WARNING - Номер Н227НА6 не найден в базе.
2024-12-19 23:55:23,827 - INFO - Распознанный номер: НС227НА
2024-12-19 23:55:23,862 - WARNING - Номер НС227НА не найден в базе.
2024-12-19 23:55:24,108 - INFO - Распознанный номер: С227НА6
2024-12-19 23:55:24,143 - WARNING - Номер С227НА6 не найден в базе.
2024-12-19 23:55:24,410 - INFO - Распознанный номер: С227НА69
2024-12-19 23:55:24,578 - INFO - Номер С227НА69 найден в базе. Открываем шлагбаум.
2024-12-19 23:55:50,773 - INFO - Распознанный номер: А
2024-12-19 23:55:50,808 - WARNING - Номер А не найден в базе.
2024-12-19 23:55:51,059 - INFO - Распознанный номер: КО1
2024-12-19 23:55:51,094 - WARNING - Номер КО1 не найден в базе.
2024-12-19 23:55:51,343 - INFO - Распознанный номер: О
2024-12-19 23:55:51,378 - WARNING - Номер О не найден в базе.
2024-12-19 23:55:51,953 - INFO - Распознанный номер: К
2024-12-19 23:55:51,987 - WARNING - Номер К не найден в базе.
2024-12-19 23:55:52,370 - INFO - Распознанный номер: 1
2024-12-19 23:55:52,508 - WARNING - Номер 1 не найден в базе.
2024-12-19 23:55:52,824 - INFO - Распознанный номер: Ц
2024-12-19 23:55:52,860 - WARNING - Номер Ц не найден в базе.
2024-12-19 23:55:53,117 - INFO - Распознанный номер: 1
2024-12-19 23:55:53,153 - WARNING - Номер 1 не найден в базе.
2024-12-19 23:55:53,701 - INFO - Распознанный номер: О
2024-12-19 23:55:53,737 - WARNING - Номер О не найден в базе.
2024-12-19 23:55:53,991 - INFO - Распознанный номер: 1
2024-12-19 23:55:54,135 - WARNING - Номер 1 не найден в базе.
2024-12-19 23:55:54,384 - INFO - Распознанный номер: К
2024-12-19 23:55:54,419 - WARNING - Номер К не найден в базе.
2024-12-19 23:55:54,673 - INFO - Распознанный номер: 0
2024-12-19 23:55:54,708 - WARNING - Номер 0 не найден в базе.
2024-12-19 23:55:54,958 - INFO - Распознанный номер: 0
2024-12-19 23:55:54,993 - WARNING - Номер 0 не найден в базе.
2024-12-19 23:55:55,246 - INFO - Распознанный номер: О
2024-12-19 23:55:55,280 - WARNING - Номер О не найден в базе.
2024-12-19 23:55:55,537 - INFO - Распознанный номер: О
2024-12-19 23:55:55,683 - WARNING - Номер О не найден в базе.
2024-12-19 23:55:55,947 - INFO - Распознанный номер: О
2024-12-19 23:55:56,095 - WARNING - Номер О не найден в базе.
2024-12-19 23:55:56,598 - INFO - Распознанный номер: Т
2024-12-19 23:55:56,742 - WARNING - Номер Т не найден в базе.
2024-12-19 23:55:57,516 - INFO - Распознанный номер: АН
2024-12-19 23:55:57,660 - WARNING - Номер АН не найден в базе.
2024-12-19 23:55:57,990 - INFO - Распознанный номер: 1
2024-12-19 23:55:58,026 - WARNING - Номер 1 не найден в базе.
2024-12-19 23:55:58,283 - INFO - Распознанный номер: 1
2024-12-19 23:55:58,317 - WARNING - Номер 1 не найден в базе.
2024-12-19 23:55:58,577 - INFO - Распознанный номер: О
2024-12-19 23:55:58,612 - WARNING - Номер О не найден в базе.
2024-12-19 23:55:58,879 - INFO - Распознанный номер: 1
2024-12-19 23:55:58,913 - WARNING - Номер 1 не найден в базе.
2024-12-19 23:55:59,161 - INFO - Распознанный номер: Ц
2024-12-19 23:55:59,196 - WARNING - Номер Ц не найден в базе.
2024-12-19 23:55:59,511 - INFO - Распознанный номер: КО1
2024-12-19 23:55:59,546 - WARNING - Номер КО1 не найден в базе.
2024-12-19 23:55:59,964 - INFO - Распознанный номер: 1
2024-12-19 23:55:59,999 - WARNING - Номер 1 не найден в базе.
2024-12-19 23:56:00,522 - INFO - Распознанный номер: Ю
2024-12-19 23:56:00,558 - WARNING - Номер Ю не найден в базе.
2024-12-19 23:56:01,110 - INFO - Распознанный номер: КО
2024-12-19 23:56:01,145 - WARNING - Номер КО не найден в базе.
2024-12-19 23:56:01,415 - INFO - Распознанный номер: К
2024-12-19 23:56:01,449 - WARNING - Номер К не найден в базе.
2024-12-19 23:56:02,091 - INFO - Распознанный номер: А
2024-12-19 23:56:02,239 - WARNING - Номер А не найден в базе.
2024-12-19 23:56:02,545 - INFO - Распознанный номер: К
2024-12-19 23:56:02,580 - WARNING - Номер К не найден в базе.
2024-12-19 23:56:02,843 - INFO - Распознанный номер: ШОЙ
2024-12-19 23:56:02,879 - WARNING - Номер ШОЙ не найден в базе.
2024-12-19 23:56:03,432 - INFO - Распознанный номер: Щ1
2024-12-19 23:56:03,466 - WARNING - Номер Щ1 не найден в базе.
2024-12-19 23:56:03,745 - INFO - Распознанный номер: 1
2024-12-19 23:56:03,780 - WARNING - Номер 1 не найден в базе.
2024-12-19 23:56:04,045 - INFO - Распознанный номер: 0
2024-12-19 23:56:04,080 - WARNING - Номер 0 не найден в базе.
2024-12-19 23:56:04,654 - INFO - Распознанный номер: 1
2024-12-19 23:56:04,689 - WARNING - Номер 1 не найден в базе.
2024-12-19 23:56:04,996 - INFO - Распознанный номер: К
2024-12-19 23:56:05,031 - WARNING - Номер К не найден в базе.
2024-12-19 23:56:05,761 - INFO - Распознанный номер: НА
2024-12-19 23:56:05,796 - WARNING - Номер НА не найден в базе.
2024-12-19 23:56:07,105 - INFO - Распознанный номер: ННА
2024-12-19 23:56:07,140 - WARNING - Номер ННА не найден в базе.
2024-12-19 23:56:07,402 - INFO - Распознанный номер: КО1
2024-12-19 23:56:07,437 - WARNING - Номер КО1 не найден в базе.
2024-12-19 23:56:07,702 - INFO - Распознанный номер: КО
2024-12-19 23:56:07,738 - WARNING - Номер КО не найден в базе.
2024-12-19 23:56:08,001 - INFO - Распознанный номер: 11
2024-12-19 23:56:08,036 - WARNING - Номер 11 не найден в базе.
2024-12-19 23:56:08,304 - INFO - Распознанный номер: 1
2024-12-19 23:56:08,441 - WARNING - Номер 1 не найден в базе.
2024-12-19 23:56:08,698 - INFO - Распознанный номер: 101
2024-12-19 23:56:08,734 - WARNING - Номер 101 не найден в базе.
2024-12-19 23:56:09,292 - INFO - Распознанный номер: КО
2024-12-19 23:56:09,328 - WARNING - Номер КО не найден в базе.
2024-12-19 23:56:10,448 - INFO - Распознанный номер: К
2024-12-19 23:56:10,487 - WARNING - Номер К не найден в базе.
2024-12-19 23:56:10,807 - INFO - Распознанный номер: О1
2024-12-19 23:56:10,841 - WARNING - Номер О1 не найден в базе.
2024-12-19 23:56:11,121 - INFO - Распознанный номер: 101
2024-12-19 23:56:11,257 - WARNING - Номер 101 не найден в базе.
2024-12-19 23:56:11,515 - INFO - Распознанный номер: ННА
2024-12-19 23:56:11,549 - WARNING - Номер ННА не найден в базе.
2024-12-19 23:56:11,957 - INFO - Распознанный номер: КЦ1
2024-12-19 23:56:11,991 - WARNING - Номер КЦ1 не найден в базе.
2024-12-19 23:56:12,705 - INFO - Распознанный номер: Ю
2024-12-19 23:56:12,740 - WARNING - Номер Ю не найден в базе.
2024-12-19 23:56:13,233 - INFO - Распознанный номер: ННА
2024-12-19 23:56:13,377 - WARNING - Номер ННА не найден в базе.
2024-12-19 23:56:13,703 - INFO - Распознанный номер: Ю
2024-12-19 23:56:13,739 - WARNING - Номер Ю не найден в базе.
2024-12-19 23:56:13,991 - INFO - Распознанный номер: О
2024-12-19 23:56:14,026 - WARNING - Номер О не найден в базе.
2024-12-19 23:56:14,515 - INFO - Распознанный номер: ЧЕ
2024-12-19 23:56:14,551 - WARNING - Номер ЧЕ не найден в базе.
2024-12-19 23:56:15,562 - INFO - Распознанный номер: ООЧА
2024-12-19 23:56:15,598 - WARNING - Номер ООЧА не найден в базе.
2024-12-19 23:56:17,784 - INFO - Распознанный номер: 647ЕТА
2024-12-19 23:56:17,933 - WARNING - Номер 647ЕТА не найден в базе.
2024-12-19 23:56:18,198 - INFO - Распознанный номер: ЕННОЕ
2024-12-19 23:56:18,235 - WARNING - Номер ЕННОЕ не найден в базе.
2024-12-19 23:56:18,504 - INFO - Распознанный номер: Н
2024-12-19 23:56:18,539 - WARNING - Номер Н не найден в базе.
2024-12-19 23:56:19,099 - INFO - Распознанный номер: Н
2024-12-19 23:56:19,235 - WARNING - Номер Н не найден в базе.
2024-12-19 23:56:19,486 - INFO - Распознанный номер: НА
2024-12-19 23:56:19,522 - WARNING - Номер НА не найден в базе.
2024-12-19 23:56:20,303 - INFO - Распознанный номер: П
2024-12-19 23:56:20,445 - WARNING - Номер П не найден в базе.
2024-12-19 23:56:20,721 - INFO - Распознанный номер: 1
2024-12-19 23:56:20,756 - WARNING - Номер 1 не найден в базе.
2024-12-19 23:56:21,020 - INFO - Распознанный номер: Ц
2024-12-19 23:56:21,055 - WARNING - Номер Ц не найден в базе.
2024-12-19 23:56:21,327 - INFO - Распознанный номер: Г
2024-12-19 23:56:21,362 - WARNING - Номер Г не найден в базе.
2024-12-19 23:56:21,641 - INFO - Распознанный номер: 1
2024-12-19 23:56:21,677 - WARNING - Номер 1 не найден в базе.
2024-12-19 23:56:21,964 - INFO - Распознанный номер: ДГ
2024-12-19 23:56:22,102 - WARNING - Номер ДГ не найден в базе.
2024-12-19 23:56:22,657 - INFO - Распознанный номер: М640В72
2024-12-19 23:56:22,691 - WARNING - Номер М640В72 не найден в базе.
2024-12-19 23:56:22,956 - INFO - Распознанный номер: М640РВ72
2024-12-19 23:56:22,991 - WARNING - Номер М640РВ72 не найден в базе.
2024-12-19 23:56:23,270 - INFO - Распознанный номер: М640РВ72
2024-12-19 23:56:23,415 - WARNING - Номер М640РВ72 не найден в базе.
2024-12-19 23:56:23,676 - INFO - Распознанный номер: МБ4ОРВ72
2024-12-19 23:56:23,812 - WARNING - Номер МБ4ОРВ72 не найден в базе.
2024-12-19 23:56:24,074 - INFO - Распознанный номер: 1МБ4ОРВ2
2024-12-19 23:56:24,109 - WARNING - Номер 1МБ4ОРВ2 не найден в базе.
2024-12-19 23:56:24,364 - INFO - Распознанный номер: МБ4ОРВ72
2024-12-19 23:56:24,399 - WARNING - Номер МБ4ОРВ72 не найден в базе.
2024-12-19 23:56:24,679 - INFO - Распознанный номер: М640РВ72
2024-12-19 23:56:24,713 - WARNING - Номер М640РВ72 не найден в базе.
2024-12-19 23:56:24,972 - INFO - Распознанный номер: 1М640РВ72
2024-12-19 23:56:25,006 - WARNING - Номер 1М640РВ72 не найден в базе.
2024-12-19 23:56:25,254 - INFO - Распознанный номер: 1МБ4ОРВ72
2024-12-19 23:56:25,289 - WARNING - Номер 1МБ4ОРВ72 не найден в базе.
2024-12-19 23:56:25,557 - INFO - Распознанный номер: МБ40РВ72
2024-12-19 23:56:25,697 - WARNING - Номер МБ40РВ72 не найден в базе.
2024-12-19 23:56:26,032 - INFO - Распознанный номер: РЬАОРВП
2024-12-19 23:56:26,066 - WARNING - Номер РЬАОРВП не найден в базе.
2024-12-19 23:56:26,361 - INFO - Распознанный номер: РЫОРВП
2024-12-19 23:56:26,395 - WARNING - Номер РЫОРВП не найден в базе.
2024-12-19 23:56:26,660 - INFO - Распознанный номер: МБ4ОРВ72
2024-12-19 23:56:26,696 - WARNING - Номер МБ4ОРВ72 не найден в базе.
2024-12-19 23:56:26,973 - INFO - Распознанный номер: МЕ4ОВН721
2024-12-19 23:56:27,007 - WARNING - Номер МЕ4ОВН721 не найден в базе.
2024-12-19 23:56:27,262 - INFO - Распознанный номер: 640В72
2024-12-19 23:56:27,298 - WARNING - Номер 640В72 не найден в базе.
2024-12-19 23:56:28,332 - INFO - Распознанный номер: МБ4ОРВ72
2024-12-19 23:56:28,367 - WARNING - Номер МБ4ОРВ72 не найден в базе.
2024-12-19 23:56:28,667 - INFO - Распознанный номер: МЬАОРВЩ
2024-12-19 23:56:28,702 - WARNING - Номер МЬАОРВЩ не найден в базе.
2024-12-19 23:56:28,986 - INFO - Распознанный номер: 1М64ОРВ72
2024-12-19 23:56:29,020 - WARNING - Номер 1М64ОРВ72 не найден в базе.
2024-12-19 23:56:29,279 - INFO - Распознанный номер: М640РВ72
2024-12-19 23:56:29,314 - WARNING - Номер М640РВ72 не найден в базе.
2024-12-20 00:09:26,935 - INFO - Распознанный номер: С227НА|69.
2024-12-20 00:09:26,979 - WARNING - Номер С227НА|69. не найден в базе.
2024-12-20 00:09:27,235 - INFO - Распознанный номер: КС227НА|69-
2024-12-20 00:09:27,271 - WARNING - Номер КС227НА|69- не найден в базе.
2024-12-20 00:09:27,533 - INFO - Распознанный номер: "С227НА[69.
2024-12-20 00:09:27,684 - WARNING - Номер "С227НА[69. не найден в базе.
2024-12-20 00:09:27,960 - INFO - Распознанный номер: "С227НА| 69
2024-12-20 00:09:27,995 - WARNING - Номер "С227НА| 69 не найден в базе.
2024-12-20 00:09:28,252 - INFO - Распознанный номер: С227 НА |69:
2024-12-20 00:09:28,291 - WARNING - Номер С227 НА |69: не найден в базе.
2024-12-20 00:09:28,544 - INFO - Распознанный номер: С 227 НА| 69
2024-12-20 00:09:28,580 - WARNING - Номер С 227 НА| 69 не найден в базе.
2024-12-20 00:09:28,854 - INFO - Распознанный номер: С 227 НА|©2:
2024-12-20 00:09:28,894 - WARNING - Номер С 227 НА|©2: не найден в базе.
2024-12-20 00:09:29,178 - INFO - Распознанный номер: С227ННА|©?:
2024-12-20 00:09:29,218 - WARNING - Номер С227ННА|©?: не найден в базе.
2024-12-20 00:09:29,475 - INFO - Распознанный номер: 227 НА| 6:
2024-12-20 00:09:29,512 - WARNING - Номер 227 НА| 6: не найден в базе.
2024-12-20 00:09:29,765 - INFO - Распознанный номер: С227 НА \©?:
2024-12-20 00:09:29,801 - WARNING - Номер С227 НА \©?: не найден в базе.
2024-12-20 00:09:30,063 - INFO - Распознанный номер: 227 НА |©2:
2024-12-20 00:09:30,207 - WARNING - Номер 227 НА |©2: не найден в базе.
2024-12-20 00:09:30,445 - INFO - Распознанный номер: С227НА|©?!:
2024-12-20 00:09:30,479 - WARNING - Номер С227НА|©?!: не найден в базе.
2024-12-20 00:09:30,749 - INFO - Распознанный номер: С227 НА |©7:
2024-12-20 00:09:30,786 - WARNING - Номер С227 НА |©7: не найден в базе.
2024-12-20 00:09:31,651 - INFO - Распознанный номер: С227ННА|©?:
2024-12-20 00:09:31,802 - WARNING - Номер С227ННА|©?: не найден в базе.
2024-12-20 00:09:32,065 - INFO - Распознанный номер: С 227 НА\©?.
2024-12-20 00:09:32,104 - WARNING - Номер С 227 НА\©?. не найден в базе.
2024-12-20 00:09:32,368 - INFO - Распознанный номер: 'С227НА|6?:
2024-12-20 00:09:32,404 - WARNING - Номер 'С227НА|6?: не найден в базе.
2024-12-20 00:09:32,663 - INFO - Распознанный номер: С227НА| 69
2024-12-20 00:09:32,698 - WARNING - Номер С227НА| 69 не найден в базе.
2024-12-20 00:09:32,959 - INFO - Распознанный номер: С227 НА 6:
2024-12-20 00:09:32,994 - WARNING - Номер С227 НА 6: не найден в базе.
2024-12-20 00:09:33,245 - INFO - Распознанный номер: С 227 НА| 62:
2024-12-20 00:09:33,279 - WARNING - Номер С 227 НА| 62: не найден в базе.
2024-12-20 00:09:33,537 - INFO - Распознанный номер: НС227ННА|6?:
2024-12-20 00:09:33,682 - WARNING - Номер НС227ННА|6?: не найден в базе.
2024-12-20 00:09:33,930 - INFO - Распознанный номер: 227 НА| ©2
2024-12-20 00:09:33,966 - WARNING - Номер 227 НА| ©2 не найден в базе.
2024-12-20 00:09:34,229 - INFO - Распознанный номер: 227 НА | 62:
2024-12-20 00:09:34,264 - WARNING - Номер 227 НА | 62: не найден в базе.
2024-12-20 00:09:34,510 - INFO - Распознанный номер: 227 НА| 67
2024-12-20 00:09:34,648 - WARNING - Номер 227 НА| 67 не найден в базе.
2024-12-20 00:09:34,895 - INFO - Распознанный номер: 227 НА ©2
2024-12-20 00:09:34,931 - WARNING - Номер 227 НА ©2 не найден в базе.
2024-12-20 00:09:35,175 - INFO - Распознанный номер: 227 НА| 67
2024-12-20 00:09:35,312 - WARNING - Номер 227 НА| 67 не найден в базе.
2024-12-20 00:09:35,581 - INFO - Распознанный номер: М227 НА|62:
2024-12-20 00:09:35,616 - WARNING - Номер М227 НА|62: не найден в базе.
2024-12-20 00:09:35,877 - INFO - Распознанный номер: 1227 НА| ©2
2024-12-20 00:09:35,911 - WARNING - Номер 1227 НА| ©2 не найден в базе.
2024-12-20 00:09:36,176 - INFO - Распознанный номер: Н 227 НА 671
2024-12-20 00:09:36,317 - WARNING - Номер Н 227 НА 671 не найден в базе.
2024-12-20 00:09:36,581 - INFO - Распознанный номер: 227 НА|6У:
2024-12-20 00:09:36,618 - WARNING - Номер 227 НА|6У: не найден в базе.
2024-12-20 00:09:36,878 - INFO - Распознанный номер: 227 НА| 62
2024-12-20 00:09:36,913 - WARNING - Номер 227 НА| 62 не найден в базе.
2024-12-20 00:09:37,166 - INFO - Распознанный номер: М22 7НА| 62:
2024-12-20 00:09:37,201 - WARNING - Номер М22 7НА| 62: не найден в базе.
2024-12-20 00:09:37,451 - INFO - Распознанный номер: 227 НА| 6)
2024-12-20 00:09:37,485 - WARNING - Номер 227 НА| 6) не найден в базе.
2024-12-20 00:09:37,739 - INFO - Распознанный номер: 227 НА|Е2:
2024-12-20 00:09:37,774 - WARNING - Номер 227 НА|Е2: не найден в базе.
2024-12-20 00:09:38,039 - INFO - Распознанный номер: Ь° 227 НА| ©2
2024-12-20 00:09:38,072 - WARNING - Номер Ь° 227 НА| ©2 не найден в базе.
2024-12-20 00:09:38,327 - INFO - Распознанный номер: 22 7НА|Е?!
2024-12-20 00:09:38,362 - WARNING - Номер 22 7НА|Е?! не найден в базе.
2024-12-20 00:09:38,611 - INFO - Распознанный номер: 227 НА|©?:
2024-12-20 00:09:38,646 - WARNING - Номер 227 НА|©?: не найден в базе.
2024-12-20 00:09:38,900 - INFO - Распознанный номер: Ю 227 НА|°2:
2024-12-20 00:09:38,935 - WARNING - Номер Ю 227 НА|°2: не найден в базе.
2024-12-20 00:09:39,186 - INFO - Распознанный номер: С 227 НА|©?:
2024-12-20 00:09:39,221 - WARNING - Номер С 227 НА|©?: не найден в базе.
2024-12-20 00:09:39,472 - INFO - Распознанный номер: ‚ 227 НА| 62:
2024-12-20 00:09:39,506 - WARNING - Номер ‚ 227 НА| 62: не найден в базе.
2024-12-20 00:09:39,762 - INFO - Распознанный номер: Ь 227 НА| 62:
2024-12-20 00:09:39,797 - WARNING - Номер Ь 227 НА| 62: не найден в базе.
2024-12-20 00:09:40,044 - INFO - Распознанный номер: 227 НА|62:
2024-12-20 00:09:40,079 - WARNING - Номер 227 НА|62: не найден в базе.
2024-12-20 00:09:40,338 - INFO - Распознанный номер: 227 НА7
2024-12-20 00:09:40,372 - WARNING - Номер 227 НА7 не найден в базе.
2024-12-20 00:09:40,630 - INFO - Распознанный номер: ‚ 227 НА| ©2
2024-12-20 00:09:40,666 - WARNING - Номер ‚ 227 НА| ©2 не найден в базе.
2024-12-20 00:09:40,922 - INFO - Распознанный номер: С227ННА|62:
2024-12-20 00:09:40,958 - WARNING - Номер С227ННА|62: не найден в базе.
2024-12-20 00:09:41,206 - INFO - Распознанный номер: 227 НА| 67
2024-12-20 00:09:41,241 - WARNING - Номер 227 НА| 67 не найден в базе.
2024-12-20 00:09:41,488 - INFO - Распознанный номер: 227 НА|67)
2024-12-20 00:09:41,523 - WARNING - Номер 227 НА|67) не найден в базе.
2024-12-20 00:09:41,776 - INFO - Распознанный номер: 227 НА| 671
2024-12-20 00:09:41,925 - WARNING - Номер 227 НА| 671 не найден в базе.
2024-12-20 00:09:42,171 - INFO - Распознанный номер: 227 НА| 67
2024-12-20 00:09:42,206 - WARNING - Номер 227 НА| 67 не найден в базе.
2024-12-20 00:09:42,451 - INFO - Распознанный номер: 227 НА| ©)
2024-12-20 00:09:42,485 - WARNING - Номер 227 НА| ©) не найден в базе.
2024-12-20 00:09:42,756 - INFO - Распознанный номер: 227 НА| ©2
2024-12-20 00:09:42,791 - WARNING - Номер 227 НА| ©2 не найден в базе.
2024-12-20 00:09:43,049 - INFO - Распознанный номер: 227 НА| ©2
2024-12-20 00:09:43,083 - WARNING - Номер 227 НА| ©2 не найден в базе.
2024-12-20 00:09:43,339 - INFO - Распознанный номер: Ы° 227 НА| ©7
2024-12-20 00:09:43,375 - WARNING - Номер Ы° 227 НА| ©7 не найден в базе.
2024-12-20 00:09:43,642 - INFO - Распознанный номер: 227 НА | ©7
2024-12-20 00:09:43,677 - WARNING - Номер 227 НА | ©7 не найден в базе.
2024-12-20 00:09:43,943 - INFO - Распознанный номер: 227 НА| ©2
2024-12-20 00:09:43,980 - WARNING - Номер 227 НА| ©2 не найден в базе.
2024-12-20 00:09:44,234 - INFO - Распознанный номер: 227 НА| ©2
2024-12-20 00:09:44,269 - WARNING - Номер 227 НА| ©2 не найден в базе.
2024-12-20 00:09:44,533 - INFO - Распознанный номер: Е 227 НА| 6:
2024-12-20 00:09:44,568 - WARNING - Номер Е 227 НА| 6: не найден в базе.
2024-12-20 00:09:44,829 - INFO - Распознанный номер: 227 НА| 62:
2024-12-20 00:09:44,975 - WARNING - Номер 227 НА| 62: не найден в базе.
2024-12-20 00:09:45,245 - INFO - Распознанный номер: Н 227 НА| 67
2024-12-20 00:09:45,280 - WARNING - Номер Н 227 НА| 67 не найден в базе.
2024-12-20 00:09:45,543 - INFO - Распознанный номер: С 227 НА | 67
2024-12-20 00:09:45,685 - WARNING - Номер С 227 НА | 67 не найден в базе.
2024-12-20 00:09:45,937 - INFO - Распознанный номер: 'С227ННА| 67
2024-12-20 00:09:45,973 - WARNING - Номер 'С227ННА| 67 не найден в базе.
2024-12-20 00:09:46,228 - INFO - Распознанный номер: "С227НА|6?
2024-12-20 00:09:46,262 - WARNING - Номер "С227НА|6? не найден в базе.
2024-12-20 00:09:46,517 - INFO - Распознанный номер: С227ННА| 69
2024-12-20 00:09:46,552 - WARNING - Номер С227ННА| 69 не найден в базе.
2024-12-20 00:09:46,802 - INFO - Распознанный номер: КС227НА 6
2024-12-20 00:09:46,838 - WARNING - Номер КС227НА 6 не найден в базе.
2024-12-20 00:09:47,105 - INFO - Распознанный номер: С227 НА | 67
2024-12-20 00:09:47,140 - WARNING - Номер С227 НА | 67 не найден в базе.
2024-12-20 00:09:47,383 - INFO - Распознанный номер: НС227 НА 671
2024-12-20 00:09:47,522 - WARNING - Номер НС227 НА 671 не найден в базе.
2024-12-20 00:09:47,768 - INFO - Распознанный номер: С 227 НА 6
2024-12-20 00:09:47,803 - WARNING - Номер С 227 НА 6 не найден в базе.
2024-12-20 00:09:48,058 - INFO - Распознанный номер: НС227 НА | 69
2024-12-20 00:09:48,092 - WARNING - Номер НС227 НА | 69 не найден в базе.
2024-12-20 00:09:48,337 - INFO - Распознанный номер: 227 НА |6
2024-12-20 00:09:48,474 - WARNING - Номер 227 НА |6 не найден в базе.
2024-12-20 00:09:48,721 - INFO - Распознанный номер: 22 7НА| ©У
2024-12-20 00:09:48,756 - WARNING - Номер 22 7НА| ©У не найден в базе.
2024-12-20 00:09:49,013 - INFO - Распознанный номер: С227НА| 69
2024-12-20 00:09:49,048 - WARNING - Номер С227НА| 69 не найден в базе.
2024-12-20 00:09:49,292 - INFO - Распознанный номер: 227 НА ©2
2024-12-20 00:09:49,327 - WARNING - Номер 227 НА ©2 не найден в базе.
2024-12-20 00:09:49,582 - INFO - Распознанный номер: 'С227НА|©?)
2024-12-20 00:09:49,616 - WARNING - Номер 'С227НА|©?) не найден в базе.
2024-12-20 00:09:49,875 - INFO - Распознанный номер: 227 НА |©?!
2024-12-20 00:09:49,910 - WARNING - Номер 227 НА |©?! не найден в базе.
2024-12-20 00:09:50,176 - INFO - Распознанный номер: НС227ННА| 69
2024-12-20 00:09:50,321 - WARNING - Номер НС227ННА| 69 не найден в базе.
2024-12-20 00:09:50,583 - INFO - Распознанный номер: С 227 ННА| 69
2024-12-20 00:09:50,619 - WARNING - Номер С 227 ННА| 69 не найден в базе.
2024-12-20 00:09:51,895 - INFO - Распознанный номер: ААО —
2024-12-20 00:09:52,042 - WARNING - Номер ААО — не найден в базе.
2024-12-20 00:14:25,327 - INFO - Распознанный номер: ‘_"
2024-12-20 00:14:25,472 - WARNING - Номер ‘_" не найден в базе.
2024-12-20 00:14:26,666 - INFO - Распознанный номер: ``.`
2024-12-20 00:14:26,703 - WARNING - Номер ``.` не найден в базе.
2024-12-20 00:14:26,950 - INFO - Распознанный номер: \
2024-12-20 00:14:26,986 - WARNING - Номер \ не найден в базе.
2024-12-20 00:14:27,241 - INFO - Распознанный номер: —-А
2024-12-20 00:14:27,282 - WARNING - Номер —-А не найден в базе.
2024-12-20 00:14:27,656 - INFO - Распознанный номер: '_-_Ч
2024-12-20 00:14:27,694 - WARNING - Номер '_-_Ч не найден в базе.
2024-12-20 00:14:27,959 - INFO - Распознанный номер: ОЕ
2024-12-20 00:14:27,996 - WARNING - Номер ОЕ не найден в базе.
2024-12-20 00:14:28,283 - INFO - Распознанный номер: ° О— ОТЕЩЩЩЫЕ
2024-12-20 00:14:28,322 - WARNING - Номер ° О— ОТЕЩЩЩЫЕ не найден в базе.
2024-12-20 00:14:28,601 - INFO - Распознанный номер: —’Д_—'._
2024-12-20 00:14:28,638 - WARNING - Номер —’Д_—'._ не найден в базе.
2024-12-20 00:14:28,920 - INFO - Распознанный номер: ‚ ——ПО-ТНИЬНННЬНЫ
2024-12-20 00:14:29,056 - WARNING - Номер ‚ ——ПО-ТНИЬНННЬНЫ не найден в базе.
2024-12-20 00:14:29,324 - INFO - Распознанный номер: ‚ БЪНАТОНЧАЕЦЬАНОБЬЫ ШОЫ
2024-12-20 00:14:29,361 - WARNING - Номер ‚ БЪНАТОНЧАЕЦЬАНОБЬЫ ШОЫ не найден в базе.
2024-12-20 00:14:29,625 - INFO - Распознанный номер: 4-_-—1.—___
2024-12-20 00:14:29,659 - WARNING - Номер 4-_-—1.—___ не найден в базе.
2024-12-20 00:14:29,996 - INFO - Распознанный номер: = -НА
2024-12-20 00:14:30,135 - WARNING - Номер = -НА не найден в базе.
2024-12-20 00:14:32,929 - INFO - Распознанный номер: Р” @
2024-12-20 00:14:32,965 - WARNING - Номер Р” @ не найден в базе.
2024-12-20 00:14:33,202 - INFO - Распознанный номер: ’
2024-12-20 00:14:33,238 - WARNING - Номер ’ не найден в базе.
2024-12-20 00:14:33,520 - INFO - Распознанный номер: Ы °
2024-12-20 00:14:33,556 - WARNING - Номер Ы ° не найден в базе.
2024-12-20 00:14:33,869 - INFO - Распознанный номер: С 227НА|69.
2024-12-20 00:14:33,903 - WARNING - Номер С 227НА|69. не найден в базе.
2024-12-20 00:14:34,163 - INFO - Распознанный номер: 227 ННА| 69
2024-12-20 00:14:34,198 - WARNING - Номер 227 ННА| 69 не найден в базе.
2024-12-20 00:14:34,457 - INFO - Распознанный номер: С 227 ННА| 69
2024-12-20 00:14:34,492 - WARNING - Номер С 227 ННА| 69 не найден в базе.
2024-12-20 00:14:34,745 - INFO - Распознанный номер: С227ННА| 69
2024-12-20 00:14:34,780 - WARNING - Номер С227ННА| 69 не найден в базе.
2024-12-20 00:14:35,041 - INFO - Распознанный номер: С 227 НА 6)
2024-12-20 00:14:35,076 - WARNING - Номер С 227 НА 6) не найден в базе.
2024-12-20 00:14:35,328 - INFO - Распознанный номер: С 227 НА| 6:
2024-12-20 00:14:35,363 - WARNING - Номер С 227 НА| 6: не найден в базе.
2024-12-20 00:14:35,620 - INFO - Распознанный номер: С 227 ННА| 69
2024-12-20 00:14:35,761 - WARNING - Номер С 227 ННА| 69 не найден в базе.
2024-12-20 00:18:48,927 - INFO - Распознанный номер: С227НА69
2024-12-20 00:18:48,967 - INFO - Номер С227НА69 найден в базе. Открываем шлагбаум.
2024-12-20 00:19:38,987 - ERROR - Ошибка: list index out of range
2024-12-20 00:19:39,248 - ERROR - Ошибка: list index out of range
2024-12-20 00:19:39,518 - ERROR - Ошибка: list index out of range
2024-12-20 00:19:39,764 - ERROR - Ошибка: list index out of range
2024-12-20 00:19:39,999 - ERROR - Ошибка: list index out of range
2024-12-20 00:19:40,251 - INFO - Распознанный номер: В227НА69
2024-12-20 00:19:40,290 - WARNING - Номер В227НА69 не найден в базе.
2024-12-20 00:19:40,548 - ERROR - Ошибка: list index out of range
2024-12-20 00:19:40,806 - INFO - Распознанный номер: Ш227НА69
2024-12-20 00:19:40,841 - WARNING - Номер Ш227НА69 не найден в базе.
2024-12-20 00:19:41,121 - ERROR - Ошибка: list index out of range
2024-12-20 00:19:41,377 - ERROR - Ошибка: list index out of range
2024-12-20 00:19:41,635 - INFO - Распознанный номер: В227НА69
2024-12-20 00:19:41,671 - WARNING - Номер В227НА69 не найден в базе.
2024-12-20 00:19:41,943 - ERROR - Ошибка: list index out of range
2024-12-20 00:19:42,184 - INFO - Распознанный номер: Щ227НА69
2024-12-20 00:19:42,219 - WARNING - Номер Щ227НА69 не найден в базе.
2024-12-20 00:19:42,473 - INFO - Распознанный номер: Ь227НА69
2024-12-20 00:19:42,615 - WARNING - Номер Ь227НА69 не найден в базе.
2024-12-20 00:19:42,880 - INFO - Распознанный номер: Щ227НА69
2024-12-20 00:19:42,916 - WARNING - Номер Щ227НА69 не найден в базе.
2024-12-20 00:19:43,177 - INFO - Распознанный номер: Щ227НА69
2024-12-20 00:19:43,212 - WARNING - Номер Щ227НА69 не найден в базе.
2024-12-20 00:19:43,464 - ERROR - Ошибка: list index out of range
2024-12-20 00:19:43,746 - INFO - Распознанный номер: Ь227НА69
2024-12-20 00:19:43,780 - WARNING - Номер Ь227НА69 не найден в базе.
2024-12-20 00:19:44,046 - INFO - Распознанный номер: В227НА69
2024-12-20 00:19:44,194 - WARNING - Номер В227НА69 не найден в базе.
2024-12-20 00:19:44,468 - INFO - Распознанный номер: Щ227НА69
2024-12-20 00:19:44,615 - WARNING - Номер Щ227НА69 не найден в базе.
2024-12-20 00:19:44,864 - ERROR - Ошибка: list index out of range
2024-12-20 00:19:45,115 - INFO - Распознанный номер: Ю227НА69
2024-12-20 00:19:45,258 - WARNING - Номер Ю227НА69 не найден в базе.
2024-12-20 00:19:45,525 - INFO - Распознанный номер: В227НА69
2024-12-20 00:19:45,561 - WARNING - Номер В227НА69 не найден в базе.
2024-12-20 00:19:45,831 - INFO - Распознанный номер: В227НА69
2024-12-20 00:19:45,865 - WARNING - Номер В227НА69 не найден в базе.
2024-12-20 00:19:46,122 - ERROR - Ошибка: list index out of range
2024-12-20 00:19:46,379 - ERROR - Ошибка: list index out of range
2024-12-20 00:19:46,637 - ERROR - Ошибка: list index out of range
2024-12-20 00:19:46,886 - ERROR - Ошибка: list index out of range
2024-12-20 00:19:47,139 - ERROR - Ошибка: list index out of range
2024-12-20 00:19:47,391 - ERROR - Ошибка: list index out of range
2024-12-20 00:19:47,639 - ERROR - Ошибка: list index out of range
2024-12-20 00:19:47,900 - ERROR - Ошибка: list index out of range
2024-12-20 00:19:48,151 - ERROR - Ошибка: list index out of range
2024-12-20 00:19:48,397 - ERROR - Ошибка: list index out of range
2024-12-20 00:19:48,650 - ERROR - Ошибка: list index out of range
2024-12-20 00:19:48,929 - ERROR - Ошибка: list index out of range
2024-12-20 00:19:49,190 - ERROR - Ошибка: list index out of range
2024-12-20 00:19:49,528 - ERROR - Ошибка: list index out of range
2024-12-20 00:19:50,675 - ERROR - Ошибка: list index out of range
2024-12-20 00:19:50,993 - ERROR - Ошибка: list index out of range
2024-12-20 00:19:51,269 - ERROR - Ошибка: list index out of range
2024-12-20 00:19:51,532 - INFO - Распознанный номер: К227НА69
2024-12-20 00:19:51,669 - WARNING - Номер К227НА69 не найден в базе.
2024-12-20 00:19:51,916 - ERROR - Ошибка: list index out of range
2024-12-20 00:19:52,166 - INFO - Распознанный номер: Щ227НА69
2024-12-20 00:19:52,201 - WARNING - Номер Щ227НА69 не найден в базе.
2024-12-20 00:19:52,456 - ERROR - Ошибка: list index out of range
2024-12-20 00:19:52,713 - ERROR - Ошибка: list index out of range
2024-12-20 00:19:52,964 - INFO - Распознанный номер: К227НА69
2024-12-20 00:19:53,000 - WARNING - Номер К227НА69 не найден в базе.
2024-12-20 00:19:53,256 - INFO - Распознанный номер: К227НА69
2024-12-20 00:19:53,290 - WARNING - Номер К227НА69 не найден в базе.
2024-12-20 00:19:53,551 - INFO - Распознанный номер: Ь227НА69
2024-12-20 00:19:53,586 - WARNING - Номер Ь227НА69 не найден в базе.
2024-12-20 00:19:53,852 - INFO - Распознанный номер: И227НА69
2024-12-20 00:19:53,993 - WARNING - Номер И227НА69 не найден в базе.
2024-12-20 00:19:54,238 - INFO - Распознанный номер: К227НА69
2024-12-20 00:19:54,376 - WARNING - Номер К227НА69 не найден в базе.
2024-12-20 00:19:54,622 - INFO - Распознанный номер: К227НА69
2024-12-20 00:19:54,657 - WARNING - Номер К227НА69 не найден в базе.
2024-12-20 00:19:54,914 - ERROR - Ошибка: list index out of range
2024-12-20 00:19:55,189 - INFO - Распознанный номер: С227АГ69
2024-12-20 00:19:55,223 - WARNING - Номер С227АГ69 не найден в базе.
2024-12-20 00:19:58,557 - ERROR - Ошибка: list index out of range
2024-12-20 00:19:58,868 - INFO - Распознанный номер: С227НА22
2024-12-20 00:19:58,903 - WARNING - Номер С227НА22 не найден в базе.
2024-12-20 00:19:59,154 - ERROR - Ошибка: list index out of range
2024-12-20 00:19:59,431 - ERROR - Ошибка: list index out of range
2024-12-20 00:19:59,685 - ERROR - Ошибка: list index out of range
2024-12-20 00:19:59,944 - ERROR - Ошибка: list index out of range
2024-12-20 00:20:00,198 - ERROR - Ошибка: list index out of range
2024-12-20 00:20:00,450 - ERROR - Ошибка: list index out of range
2024-12-20 00:20:00,700 - ERROR - Ошибка: list index out of range
2024-12-20 00:20:00,958 - ERROR - Ошибка: list index out of range
2024-12-20 00:20:01,207 - ERROR - Ошибка: list index out of range
2024-12-20 00:20:01,454 - ERROR - Ошибка: list index out of range
2024-12-20 00:20:01,741 - INFO - Распознанный номер: С227НА69
2024-12-20 00:20:01,889 - INFO - Номер С227НА69 найден в базе. Открываем шлагбаум.
2024-12-20 00:20:51,078 - ERROR - Ошибка: list index out of range
2024-12-20 00:20:58,948 - ERROR - Ошибка: list index out of range
2024-12-20 00:21:04,963 - ERROR - Ошибка: list index out of range
2024-12-20 00:21:27,832 - ERROR - Ошибка: list index out of range
2024-12-20 00:21:34,051 - ERROR - Ошибка: list index out of range
